<?xml version="1.0" encoding="UTF-8"?>
<testsuite name="hotciv.standard.TestAlphaCiv" tests="2" skipped="0" failures="0" errors="0" timestamp="2020-01-18T13:20:38" hostname="KaspersMBP2015" time="0.023">
  <properties/>
  <testcase name="shouldBeRedAsStartingPlayer" classname="hotciv.standard.TestAlphaCiv" time="0.012"/>
  <testcase name="shouldDefinetelyBeRemoved" classname="hotciv.standard.TestAlphaCiv" time="0.01"/>
  <system-out><![CDATA[]]></system-out>
  <system-err><![CDATA[]]></system-err>
</testsuite>
